  pch.cpp
  AdjustedGravityZone.cpp
  Button.cpp
  Camera.cpp
  Core.cpp
  Game.cpp
  GameEnd.cpp
  HUD.cpp
  InputManager.cpp
  InputSettings.cpp
  Keybinding.cpp
  Keybindings.cpp
  KeyRebindingMenu.cpp
  Level.cpp
  main.cpp
  MainMenu.cpp
  Matrix2x3.cpp
  Menu.cpp
  MenuManager.cpp
  MenuStyle.cpp
  OptionsMenu.cpp
  Compiling...
  Particle.cpp
  ParticleSystem.cpp
  PhysicModifierZone.cpp
  Player.cpp
  PullPhysicZone.cpp
  RepellingObject.cpp
  RepelSwarmManager.cpp
  SaveManager.cpp
  ShootingStarManager.cpp
  SoundEffect.cpp
  SoundManager.cpp
  SoundStream.cpp
  SpriteAnimator.cpp
  structs.cpp
  SVGParser.cpp
  Texture.cpp
  TextureManager.cpp
  TriggerCollider.cpp
  TypeWriter.cpp
  utils.cpp
  Compiling...
  Vector2f.cpp
  Generating code
  Previous IPDB not found, fall back to full compilation.
  All 2990 functions were compiled because no usable IPDB/IOBJ from previous compilation was found.
  Finished generating code
  HopKing.vcxproj -> C:\Users\sacha\OneDrive\Documents\CV\Hop King Remake\HopKing-Remake\x64\Release\HopKing.exe
  COPY THE DLL FILES
  C:\Users\sacha\OneDrive\Documents\CV\Hop King Remake\HopKing-Remake\Libraries\SDL2-2.0.10\lib\x64\SDL2.dll
  1 File(s) copied
  C:\Users\sacha\OneDrive\Documents\CV\Hop King Remake\HopKing-Remake\Libraries\SDL2_image-2.0.5\lib\x64\libjpeg-9.dll
  C:\Users\sacha\OneDrive\Documents\CV\Hop King Remake\HopKing-Remake\Libraries\SDL2_image-2.0.5\lib\x64\libpng16-16.dll
  C:\Users\sacha\OneDrive\Documents\CV\Hop King Remake\HopKing-Remake\Libraries\SDL2_image-2.0.5\lib\x64\libtiff-5.dll
  C:\Users\sacha\OneDrive\Documents\CV\Hop King Remake\HopKing-Remake\Libraries\SDL2_image-2.0.5\lib\x64\libwebp-7.dll
  C:\Users\sacha\OneDrive\Documents\CV\Hop King Remake\HopKing-Remake\Libraries\SDL2_image-2.0.5\lib\x64\SDL2_image.dll
  C:\Users\sacha\OneDrive\Documents\CV\Hop King Remake\HopKing-Remake\Libraries\SDL2_image-2.0.5\lib\x64\zlib1.dll
  6 File(s) copied
  C:\Users\sacha\OneDrive\Documents\CV\Hop King Remake\HopKing-Remake\Libraries\SDL2_mixer-2.0.4\lib\x64\libFLAC-8.dll
  C:\Users\sacha\OneDrive\Documents\CV\Hop King Remake\HopKing-Remake\Libraries\SDL2_mixer-2.0.4\lib\x64\libmodplug-1.dll
  C:\Users\sacha\OneDrive\Documents\CV\Hop King Remake\HopKing-Remake\Libraries\SDL2_mixer-2.0.4\lib\x64\libmpg123-0.dll
  C:\Users\sacha\OneDrive\Documents\CV\Hop King Remake\HopKing-Remake\Libraries\SDL2_mixer-2.0.4\lib\x64\libogg-0.dll
  C:\Users\sacha\OneDrive\Documents\CV\Hop King Remake\HopKing-Remake\Libraries\SDL2_mixer-2.0.4\lib\x64\libopus-0.dll
  C:\Users\sacha\OneDrive\Documents\CV\Hop King Remake\HopKing-Remake\Libraries\SDL2_mixer-2.0.4\lib\x64\libopusfile-0.dll
  C:\Users\sacha\OneDrive\Documents\CV\Hop King Remake\HopKing-Remake\Libraries\SDL2_mixer-2.0.4\lib\x64\libvorbis-0.dll
  C:\Users\sacha\OneDrive\Documents\CV\Hop King Remake\HopKing-Remake\Libraries\SDL2_mixer-2.0.4\lib\x64\libvorbisfile-3.dll
  C:\Users\sacha\OneDrive\Documents\CV\Hop King Remake\HopKing-Remake\Libraries\SDL2_mixer-2.0.4\lib\x64\SDL2_mixer.dll
  9 File(s) copied
  C:\Users\sacha\OneDrive\Documents\CV\Hop King Remake\HopKing-Remake\Libraries\SDL2_ttf-2.0.15\lib\x64\libfreetype-6.dll
  C:\Users\sacha\OneDrive\Documents\CV\Hop King Remake\HopKing-Remake\Libraries\SDL2_ttf-2.0.15\lib\x64\SDL2_ttf.dll
  2 File(s) copied
